<?xml version="1.0" encoding="UTF-8"?>
<!-- Generated by org.testng.reporters.JUnitReportReporter -->
<testsuite skipped="0" hostname="Dell_Pc" name="MavenPackage.test1" tests="4" failures="0" timestamp="11 May 2020 19:49:51 GMT" time="50.557" errors="0">
  <testcase name="openfacebook" time="15.712" classname="MavenPackage.test1"/>
  <testcase name="opengoogle" time="6.661" classname="MavenPackage.test1"/>
  <testcase name="openw3schools" time="7.356" classname="MavenPackage.test1"/>
  <testcase name="openjavatpoint" time="20.828" classname="MavenPackage.test1"/>
</testsuite> <!-- MavenPackage.test1 -->
